[-] /opt/zphisher/.sites/adobe/login.php già contiene salvataggio credenziali. Saltato.
[-] /opt/zphisher/.sites/badoo/login.php già contiene salvataggio credenziali. Saltato.
[-] /opt/zphisher/.sites/deviantart/login.php già contiene salvataggio credenziali. Saltato.
[-] /opt/zphisher/.sites/discord/login.php già contiene salvataggio credenziali. Saltato.
[-] /opt/zphisher/.sites/dropbox/login.php già contiene salvataggio credenziali. Saltato.
[-] /opt/zphisher/.sites/ebay/login.php già contiene salvataggio credenziali. Saltato.
[-] /opt/zphisher/.sites/facebook/login.php già contiene salvataggio credenziali. Saltato.
[-] /opt/zphisher/.sites/fb_advanced/login.php già contiene salvataggio credenziali. Saltato.
[-] /opt/zphisher/.sites/fb_messenger/login.php già contiene salvataggio credenziali. Saltato.
[-] /opt/zphisher/.sites/fb_security/login.php già contiene salvataggio credenziali. Saltato.
[-] /opt/zphisher/.sites/github/login.php già contiene salvataggio credenziali. Saltato.
[-] /opt/zphisher/.sites/gitlab/login.php già contiene salvataggio credenziali. Saltato.
[-] /opt/zphisher/.sites/google/login.php già contiene salvataggio credenziali. Saltato.
[-] /opt/zphisher/.sites/google_new/login.php già contiene salvataggio credenziali. Saltato.
[-] /opt/zphisher/.sites/google_poll/login.php già contiene salvataggio credenziali. Saltato.
[-] /opt/zphisher/.sites/ig_followers/login.php già contiene salvataggio credenziali. Saltato.
[-] /opt/zphisher/.sites/ig_verify/login.php già contiene salvataggio credenziali. Saltato.
[-] /opt/zphisher/.sites/insta_followers/login.php già contiene salvataggio credenziali. Saltato.
[-] /opt/zphisher/.sites/instagram/login.php già contiene salvataggio credenziali. Saltato.
[-] /opt/zphisher/.sites/linkedin/login.php già contiene salvataggio credenziali. Saltato.
[-] /opt/zphisher/.sites/mediafire/login.php già contiene salvataggio credenziali. Saltato.
[-] /opt/zphisher/.sites/microsoft/login.php già contiene salvataggio credenziali. Saltato.
[-] /opt/zphisher/.sites/netflix/login.php già contiene salvataggio credenziali. Saltato.
[-] /opt/zphisher/.sites/origin/login.php già contiene salvataggio credenziali. Saltato.
[-] /opt/zphisher/.sites/paypal/login.php già contiene salvataggio credenziali. Saltato.
[-] /opt/zphisher/.sites/pinterest/login.php già contiene salvataggio credenziali. Saltato.
[-] /opt/zphisher/.sites/playstation/login.php già contiene salvataggio credenziali. Saltato.
[-] /opt/zphisher/.sites/protonmail/login.php già contiene salvataggio credenziali. Saltato.
[-] /opt/zphisher/.sites/quora/login.php già contiene salvataggio credenziali. Saltato.
[-] /opt/zphisher/.sites/reddit/login.php già contiene salvataggio credenziali. Saltato.
[-] /opt/zphisher/.sites/roblox/login.php già contiene salvataggio credenziali. Saltato.
[-] /opt/zphisher/.sites/snapchat/login.php già contiene salvataggio credenziali. Saltato.
[-] /opt/zphisher/.sites/spotify/login.php già contiene salvataggio credenziali. Saltato.
[-] /opt/zphisher/.sites/stackoverflow/login.php già contiene salvataggio credenziali. Saltato.
[-] /opt/zphisher/.sites/steam/login.php già contiene salvataggio credenziali. Saltato.
[-] /opt/zphisher/.sites/tiktok/login.php già contiene salvataggio credenziali. Saltato.
[-] /opt/zphisher/.sites/twitch/login.php già contiene salvataggio credenziali. Saltato.
[-] /opt/zphisher/.sites/twitter/login.php già contiene salvataggio credenziali. Saltato.
[-] /opt/zphisher/.sites/vk/login.php già contiene salvataggio credenziali. Saltato.
[-] /opt/zphisher/.sites/vk_poll/login.php già contiene salvataggio credenziali. Saltato.
[-] /opt/zphisher/.sites/wordpress/login.php già contiene salvataggio credenziali. Saltato.
[-] /opt/zphisher/.sites/xbox/login.php già contiene salvataggio credenziali. Saltato.
[-] /opt/zphisher/.sites/yahoo/login.php già contiene salvataggio credenziali. Saltato.
[-] /opt/zphisher/.sites/yandex/login.php già contiene salvataggio credenziali. Saltato.
